#
# A fatal error has been detected by the Java Runtime Environment:
#
#  EXCEPTION_ACCESS_VIOLATION (0xc0000005) at pc=0x000000006dc0bce0, pid=10764, tid=564
#
# JRE version: Java(TM) SE Runtime Environment (9.0+11) (build 9.0.4+11)
# Java VM: Java HotSpot(TM) 64-Bit Server VM (9.0.4+11, mixed mode, tiered, compressed oops, g1 gc, windows-amd64)
# Problematic frame:
# V  [jvm.dll+0x32bce0]
#
# No core dump will be written. Minidumps are not enabled by default on client versions of Windows
#
# If you would like to submit a bug report, please visit:
#   http://bugreport.java.com/bugreport/crash.jsp
#

---------------  S U M M A R Y ------------

Command Line: -agentlib:jdwp=transport=dt_socket,address=127.0.0.1:51466,suspend=y,server=n -javaagent:C:\Users\Kush\.IntelliJIdea2018.2\system\captureAgent\debugger-agent.jar=file:/C:/Users/Kush/AppData/Local/Temp/capture.props -Dfile.encoding=UTF-8 TestNaryTree

Host: Intel(R) Core(TM) i5-7300HQ CPU @ 2.50GHz, 4 cores, 7G,  Windows 10 , 64 bit Build 17134 (10.0.17134.753)
Time: Mon Jun 03 08:47:43 2019 Pacific Daylight Time elapsed time: 425 seconds (0d 0h 7m 5s)

---------------  T H R E A D  ---------------

Current thread (0x000001af7a1f3000):  VMThread "VM Thread" [stack: 0x000000177cf00000,0x000000177d000000] [id=564]

Stack: [0x000000177cf00000,0x000000177d000000],  sp=0x000000177cffe8e0,  free space=1018k
Native frames: (J=compiled Java code, j=interpreted, Vv=VM code, C=native code)
V  [jvm.dll+0x32bce0]
V  [jvm.dll+0x327698]
V  [jvm.dll+0x341f4f]
V  [jvm.dll+0x34516d]
V  [jvm.dll+0x296ab0]
V  [jvm.dll+0x296ba9]
V  [jvm.dll+0x2f8791]
V  [jvm.dll+0x2f7660]
V  [jvm.dll+0x2f4ea9]
V  [jvm.dll+0x2f666e]
V  [jvm.dll+0x2f3e55]
V  [jvm.dll+0x2f3293]
V  [jvm.dll+0x5784ff]
V  [jvm.dll+0x57880c]
V  [jvm.dll+0x5786b3]
V  [jvm.dll+0x578eac]
V  [jvm.dll+0x5470aa]
V  [jvm.dll+0x465311]
V  [jvm.dll+0x6a366b]
V  [jvm.dll+0x6a1e05]
V  [jvm.dll+0x6a25e1]
V  [jvm.dll+0x6a28cc]
V  [jvm.dll+0x586490]
C  [msvcr120.dll+0x24f7f]
C  [msvcr120.dll+0x25126]
C  [KERNEL32.DLL+0x14034]
C  [ntdll.dll+0x73691]


siginfo: EXCEPTION_ACCESS_VIOLATION (0xc0000005), reading address 0xffffffffffffffff


Register to memory mapping:

RIP=0x000000006dc0bce0 jvm.dll
RAX=0x011d000000050034 is an unknown value
RBX=0x000001af7a1f3000 is an unknown value
RCX=0x00000001000016d0 is pointing into metadata
RDX=0x011d000000050034 is an unknown value
RSP=0x000000177cffe8e0 is an unknown value
RBP=0x0000000000000003 is an unknown value
RSI=0x000000177cffe9a0 is an unknown value
RDI=0x0000000000000000 is an unknown value
R8 =0x000001af7a1f3000 is an unknown value
R9 =0x011d000000050034 is an unknown value
R10=0x0000000000000074 is an unknown value
R11=0x0000000000000074 is an unknown value
R12=0x0000000000000328 is an unknown value
R13=0x0000000000000000 is an unknown value
R14=0x0000000000000052 is an unknown value
R15=0x0000000000000001 is an unknown value


Registers:
RAX=0x011d000000050034, RBX=0x000001af7a1f3000, RCX=0x00000001000016d0, RDX=0x011d000000050034
RSP=0x000000177cffe8e0, RBP=0x0000000000000003, RSI=0x000000177cffe9a0, RDI=0x0000000000000000
R8 =0x000001af7a1f3000, R9 =0x011d000000050034, R10=0x0000000000000074, R11=0x0000000000000074
R12=0x0000000000000328, R13=0x0000000000000000, R14=0x0000000000000052, R15=0x0000000000000001
RIP=0x000000006dc0bce0, EFLAGS=0x0000000000010246

Top of Stack: (sp=0x000000177cffe8e0)
0x000000177cffe8e0:   00000001000016d0 2fffffff2fffffff
0x000000177cffe8f0:   0000000000000000 000001af7a1f3000
0x000000177cffe900:   0000000000000000 000000006dc07698
0x000000177cffe910:   00000001000016d0 000001af7a1f3000
0x000000177cffe920:   000000177cffe9a0 000001af7a1f3000
0x000000177cffe930:   000000177cffea10 000000006dc21f4f
0x000000177cffe940:   000001af7a1f3000 000000177cffef50
0x000000177cffe950:   000001af7ac0893c 0000000000000000
0x000000177cffe960:   000000006e2376ec 000001af798aa3c0
0x000000177cffe970:   000000177cffea10 000000006dc2516d
0x000000177cffe980:   000000177cffe9a0 000000177cffeb70
0x000000177cffe990:   0000000000000052 000000006dedfa08
0x000000177cffe9a0:   2fffffff4fffffff 2fffffff2fffffff
0x000000177cffe9b0:   000001af7a1f3000 000000177cffeb70
0x000000177cffe9c0:   0000000000000000 000000006db76ab0
0x000000177cffe9d0:   000000177cffeb60 0000000000000301 

Instructions: (pc=0x000000006dc0bce0)
0x000000006dc0bcc0:   8b d8 e8 a9 88 d8 ff 48 83 7b 08 00 4c 8b c8 74
0x000000006dc0bcd0:   04 33 ff eb 23 80 3d 39 bd 62 00 00 74 05 33 ff
0x000000006dc0bce0:   89 78 0c 48 8d 4d fe 48 8d 78 10 48 85 c9 74 05
0x000000006dc0bcf0:   33 c0 f3 48 ab 49 8b f9 48 83 7b 08 00 48 8b 74 


VM_Operation (0x000000177d9ff170): GetOrSetLocal, mode: safepoint, requested by thread 0x000001af7a531000


---------------  P R O C E S S  ---------------

Java Threads: ( => current thread )
  0x000001af7a5ad000 JavaThread "Service Thread" daemon [_thread_blocked, id=9724, stack(0x000000177dc00000,0x000000177dd00000)]
  0x000001af7a54e000 JavaThread "JDWP Command Reader" daemon [_thread_in_native, id=16352, stack(0x000000177db00000,0x000000177dc00000)]
  0x000001af7a543000 JavaThread "JDWP Event Helper Thread" daemon [_thread_blocked, id=16096, stack(0x000000177da00000,0x000000177db00000)]
  0x000001af7a531000 JavaThread "JDWP Transport Listener: dt_socket" daemon [_thread_blocked, id=16092, stack(0x000000177d900000,0x000000177da00000)]
  0x000001af7a30e800 JavaThread "Common-Cleaner" daemon [_thread_blocked, id=4576, stack(0x000000177d800000,0x000000177d900000)]
  0x000001af7a279000 JavaThread "Sweeper thread" daemon [_thread_blocked, id=9404, stack(0x000000177d700000,0x000000177d800000)]
  0x000001af7a270000 JavaThread "C1 CompilerThread2" daemon [_thread_blocked, id=8184, stack(0x000000177d600000,0x000000177d700000)]
  0x000001af7a268000 JavaThread "C2 CompilerThread1" daemon [_thread_blocked, id=16212, stack(0x000000177d500000,0x000000177d600000)]
  0x000001af7a265000 JavaThread "C2 CompilerThread0" daemon [_thread_blocked, id=9416, stack(0x000000177d400000,0x000000177d500000)]
  0x000001af7a251000 JavaThread "Attach Listener" daemon [_thread_blocked, id=4672, stack(0x000000177d300000,0x000000177d400000)]
  0x000001af7a250800 JavaThread "Signal Dispatcher" daemon [_thread_blocked, id=5756, stack(0x000000177d200000,0x000000177d300000)]
  0x000001af7a20b800 JavaThread "Finalizer" daemon [_thread_blocked, id=16348, stack(0x000000177d100000,0x000000177d200000)]
  0x000001af7a209800 JavaThread "Reference Handler" daemon [_thread_blocked, id=9808, stack(0x000000177d000000,0x000000177d100000)]
  0x000001af65e4b000 JavaThread "main" [_thread_blocked, id=4600, stack(0x000000177c300000,0x000000177c400000)]

Other Threads:
=>0x000001af7a1f3000 VMThread "VM Thread" [stack: 0x000000177cf00000,0x000000177d000000] [id=564]
  0x000001af7a5ae800 WatcherThread [stack: 0x000000177dd00000,0x000000177de00000] [id=3008]
  0x000001af65e63800 GCTaskThread "GC Thread#0" [stack: 0x000000177c400000,0x000000177c500000] [id=15092]
  0x000001af65e66000 GCTaskThread "GC Thread#1" [stack: 0x000000177c500000,0x000000177c600000] [id=11344]
  0x000001af65e68000 GCTaskThread "GC Thread#2" [stack: 0x000000177c600000,0x000000177c700000] [id=2568]
  0x000001af65e69000 GCTaskThread "GC Thread#3" [stack: 0x000000177c700000,0x000000177c800000] [id=9744]
  0x000001af65ee6000 ConcurrentGCThread "G1 Main Marker" [stack: 0x000000177cd00000,0x000000177ce00000] [id=2668]
  0x000001af65eea000 ConcurrentGCThread "G1 Marker#0" [stack: 0x000000177ce00000,0x000000177cf00000] [id=14764]
  0x000001af65e72000 ConcurrentGCThread "G1 Refine#0" [stack: 0x000000177cb00000,0x000000177cc00000] [id=5424]
  0x000001af65e70800 ConcurrentGCThread "G1 Refine#1" [stack: 0x000000177ca00000,0x000000177cb00000] [id=2956]
  0x000001af65e6f000 ConcurrentGCThread "G1 Refine#2" [stack: 0x000000177c900000,0x000000177ca00000] [id=15364]
  0x000001af65e6c800 ConcurrentGCThread "G1 Refine#3" [stack: 0x000000177c800000,0x000000177c900000] [id=15560]
  0x000001af65e7c000 ConcurrentGCThread "G1 Young RemSet Sampling" [stack: 0x000000177cc00000,0x000000177cd00000] [id=16204]

Threads with active compile tasks:

VM state:at safepoint (normal execution)

VM Mutex/Monitor currently owned by a thread:  ([mutex/lock_event])
[0x000001af65e45ee0] Threads_lock - owner thread: 0x000001af7a1f3000

Heap address: 0x0000000082200000, size: 2014 MB, Compressed Oops mode: 32-bit
Narrow klass base: 0x0000000000000000, Narrow klass shift: 3
Compressed class space size: 1073741824 Address: 0x0000000100000000

Heap:
 garbage-first heap   total 129024K, used 6144K [0x0000000082200000, 0x00000000823003f0, 0x0000000100000000)
  region size 1024K, 7 young (7168K), 0 survivors (0K)
 Metaspace       used 7226K, capacity 7474K, committed 7680K, reserved 1056768K
  class space    used 638K, capacity 720K, committed 768K, reserved 1048576K
Heap Regions: E=young(eden), S=young(survivor), O=old, HS=humongous(starts), HC=humongous(continues), CS=collection set, F=free, A=archive, TS=gc time stamp, AC=allocation context, TAMS=top-at-mark-start (previous, next)
|   0|0x0000000082200000, 0x0000000082200000, 0x0000000082300000|  0%| F|  |TS  0|AC  0|TAMS 0x0000000082200000, 0x0000000082200000|
|   1|0x0000000082300000, 0x0000000082300000, 0x0000000082400000|  0%| F|  |TS  0|AC  0|TAMS 0x0000000082300000, 0x0000000082300000|
|   2|0x0000000082400000, 0x0000000082400000, 0x0000000082500000|  0%| F|  |TS  0|AC  0|TAMS 0x0000000082400000, 0x0000000082400000|
|   3|0x0000000082500000, 0x0000000082500000, 0x0000000082600000|  0%| F|  |TS  0|AC  0|TAMS 0x0000000082500000, 0x0000000082500000|
|   4|0x0000000082600000, 0x0000000082600000, 0x0000000082700000|  0%| F|  |TS  0|AC  0|TAMS 0x0000000082600000, 0x0000000082600000|
|   5|0x0000000082700000, 0x0000000082700000, 0x0000000082800000|  0%| F|  |TS  0|AC  0|TAMS 0x0000000082700000, 0x0000000082700000|
|   6|0x0000000082800000, 0x0000000082800000, 0x0000000082900000|  0%| F|  |TS  0|AC  0|TAMS 0x0000000082800000, 0x0000000082800000|
|   7|0x0000000082900000, 0x0000000082900000, 0x0000000082a00000|  0%| F|  |TS  0|AC  0|TAMS 0x0000000082900000, 0x0000000082900000|
|   8|0x0000000082a00000, 0x0000000082a00000, 0x0000000082b00000|  0%| F|  |TS  0|AC  0|TAMS 0x0000000082a00000, 0x0000000082a00000|
|   9|0x0000000082b00000, 0x0000000082b00000, 0x0000000082c00000|  0%| F|  |TS  0|AC  0|TAMS 0x0000000082b00000, 0x0000000082b00000|
|  10|0x0000000082c00000, 0x0000000082c00000, 0x0000000082d00000|  0%| F|  |TS  0|AC  0|TAMS 0x0000000082c00000, 0x0000000082c00000|
|  11|0x0000000082d00000, 0x0000000082d00000, 0x0000000082e00000|  0%| F|  |TS  0|AC  0|TAMS 0x0000000082d00000, 0x0000000082d00000|
|  12|0x0000000082e00000, 0x0000000082e00000, 0x0000000082f00000|  0%| F|  |TS  0|AC  0|TAMS 0x0000000082e00000, 0x0000000082e00000|
|  13|0x0000000082f00000, 0x0000000082f00000, 0x0000000083000000|  0%| F|  |TS  0|AC  0|TAMS 0x0000000082f00000, 0x0000000082f00000|
|  14|0x0000000083000000, 0x0000000083000000, 0x0000000083100000|  0%| F|  |TS  0|AC  0|TAMS 0x0000000083000000, 0x0000000083000000|
|  15|0x0000000083100000, 0x0000000083100000, 0x0000000083200000|  0%| F|  |TS  0|AC  0|TAMS 0x0000000083100000, 0x0000000083100000|
|  16|0x0000000083200000, 0x0000000083200000, 0x0000000083300000|  0%| F|  |TS  0|AC  0|TAMS 0x0000000083200000, 0x0000000083200000|
|  17|0x0000000083300000, 0x0000000083300000, 0x0000000083400000|  0%| F|  |TS  0|AC  0|TAMS 0x0000000083300000, 0x0000000083300000|
|  18|0x0000000083400000, 0x0000000083400000, 0x0000000083500000|  0%| F|  |TS  0|AC  0|TAMS 0x0000000083400000, 0x0000000083400000|
|  19|0x0000000083500000, 0x0000000083500000, 0x0000000083600000|  0%| F|  |TS  0|AC  0|TAMS 0x0000000083500000, 0x0000000083500000|
|  20|0x0000000083600000, 0x0000000083600000, 0x0000000083700000|  0%| F|  |TS  0|AC  0|TAMS 0x0000000083600000, 0x0000000083600000|
|  21|0x0000000083700000, 0x0000000083700000, 0x0000000083800000|  0%| F|  |TS  0|AC  0|TAMS 0x0000000083700000, 0x0000000083700000|
|  22|0x0000000083800000, 0x0000000083800000, 0x0000000083900000|  0%| F|  |TS  0|AC  0|TAMS 0x0000000083800000, 0x0000000083800000|
|  23|0x0000000083900000, 0x0000000083900000, 0x0000000083a00000|  0%| F|  |TS  0|AC  0|TAMS 0x0000000083900000, 0x0000000083900000|
|  24|0x0000000083a00000, 0x0000000083a00000, 0x0000000083b00000|  0%| F|  |TS  0|AC  0|TAMS 0x0000000083a00000, 0x0000000083a00000|
|  25|0x0000000083b00000, 0x0000000083b00000, 0x0000000083c00000|  0%| F|  |TS  0|AC  0|TAMS 0x0000000083b00000, 0x0000000083b00000|
|  26|0x0000000083c00000, 0x0000000083c00000, 0x0000000083d00000|  0%| F|  |TS  0|AC  0|TAMS 0x0000000083c00000, 0x0000000083c00000|
|  27|0x0000000083d00000, 0x0000000083d00000, 0x0000000083e00000|  0%| F|  |TS  0|AC  0|TAMS 0x0000000083d00000, 0x0000000083d00000|
|  28|0x0000000083e00000, 0x0000000083e00000, 0x0000000083f00000|  0%| F|  |TS  0|AC  0|TAMS 0x0000000083e00000, 0x0000000083e00000|
|  29|0x0000000083f00000, 0x0000000083f00000, 0x0000000084000000|  0%| F|  |TS  0|AC  0|TAMS 0x0000000083f00000, 0x0000000083f00000|
|  30|0x0000000084000000, 0x0000000084000000, 0x0000000084100000|  0%| F|  |TS  0|AC  0|TAMS 0x0000000084000000, 0x0000000084000000|
|  31|0x0000000084100000, 0x0000000084100000, 0x0000000084200000|  0%| F|  |TS  0|AC  0|TAMS 0x0000000084100000, 0x0000000084100000|
|  32|0x0000000084200000, 0x0000000084200000, 0x0000000084300000|  0%| F|  |TS  0|AC  0|TAMS 0x0000000084200000, 0x0000000084200000|
|  33|0x0000000084300000, 0x0000000084300000, 0x0000000084400000|  0%| F|  |TS  0|AC  0|TAMS 0x0000000084300000, 0x0000000084300000|
|  34|0x0000000084400000, 0x0000000084400000, 0x0000000084500000|  0%| F|  |TS  0|AC  0|TAMS 0x0000000084400000, 0x0000000084400000|
|  35|0x0000000084500000, 0x0000000084500000, 0x0000000084600000|  0%| F|  |TS  0|AC  0|TAMS 0x0000000084500000, 0x0000000084500000|
|  36|0x0000000084600000, 0x0000000084600000, 0x0000000084700000|  0%| F|  |TS  0|AC  0|TAMS 0x0000000084600000, 0x0000000084600000|
|  37|0x0000000084700000, 0x0000000084700000, 0x0000000084800000|  0%| F|  |TS  0|AC  0|TAMS 0x0000000084700000, 0x0000000084700000|
|  38|0x0000000084800000, 0x0000000084800000, 0x0000000084900000|  0%| F|  |TS  0|AC  0|TAMS 0x0000000084800000, 0x0000000084800000|
|  39|0x0000000084900000, 0x0000000084900000, 0x0000000084a00000|  0%| F|  |TS  0|AC  0|TAMS 0x0000000084900000, 0x0000000084900000|
|  40|0x0000000084a00000, 0x0000000084a00000, 0x0000000084b00000|  0%| F|  |TS  0|AC  0|TAMS 0x0000000084a00000, 0x0000000084a00000|
|  41|0x0000000084b00000, 0x0000000084b00000, 0x0000000084c00000|  0%| F|  |TS  0|AC  0|TAMS 0x0000000084b00000, 0x0000000084b00000|
|  42|0x0000000084c00000, 0x0000000084c00000, 0x0000000084d00000|  0%| F|  |TS  0|AC  0|TAMS 0x0000000084c00000, 0x0000000084c00000|
|  43|0x0000000084d00000, 0x0000000084d00000, 0x0000000084e00000|  0%| F|  |TS  0|AC  0|TAMS 0x0000000084d00000, 0x0000000084d00000|
|  44|0x0000000084e00000, 0x0000000084e00000, 0x0000000084f00000|  0%| F|  |TS  0|AC  0|TAMS 0x0000000084e00000, 0x0000000084e00000|
|  45|0x0000000084f00000, 0x0000000084f00000, 0x0000000085000000|  0%| F|  |TS  0|AC  0|TAMS 0x0000000084f00000, 0x0000000084f00000|
|  46|0x0000000085000000, 0x0000000085000000, 0x0000000085100000|  0%| F|  |TS  0|AC  0|TAMS 0x0000000085000000, 0x0000000085000000|
|  47|0x0000000085100000, 0x0000000085100000, 0x0000000085200000|  0%| F|  |TS  0|AC  0|TAMS 0x0000000085100000, 0x0000000085100000|
|  48|0x0000000085200000, 0x0000000085200000, 0x0000000085300000|  0%| F|  |TS  0|AC  0|TAMS 0x0000000085200000, 0x0000000085200000|
|  49|0x0000000085300000, 0x0000000085300000, 0x0000000085400000|  0%| F|  |TS  0|AC  0|TAMS 0x0000000085300000, 0x0000000085300000|
|  50|0x0000000085400000, 0x0000000085400000, 0x0000000085500000|  0%| F|  |TS  0|AC  0|TAMS 0x0000000085400000, 0x0000000085400000|
|  51|0x0000000085500000, 0x0000000085500000, 0x0000000085600000|  0%| F|  |TS  0|AC  0|TAMS 0x0000000085500000, 0x0000000085500000|
|  52|0x0000000085600000, 0x0000000085600000, 0x0000000085700000|  0%| F|  |TS  0|AC  0|TAMS 0x0000000085600000, 0x0000000085600000|
|  53|0x0000000085700000, 0x0000000085700000, 0x0000000085800000|  0%| F|  |TS  0|AC  0|TAMS 0x0000000085700000, 0x0000000085700000|
|  54|0x0000000085800000, 0x0000000085800000, 0x0000000085900000|  0%| F|  |TS  0|AC  0|TAMS 0x0000000085800000, 0x0000000085800000|
|  55|0x0000000085900000, 0x0000000085900000, 0x0000000085a00000|  0%| F|  |TS  0|AC  0|TAMS 0x0000000085900000, 0x0000000085900000|
|  56|0x0000000085a00000, 0x0000000085a00000, 0x0000000085b00000|  0%| F|  |TS  0|AC  0|TAMS 0x0000000085a00000, 0x0000000085a00000|
|  57|0x0000000085b00000, 0x0000000085b00000, 0x0000000085c00000|  0%| F|  |TS  0|AC  0|TAMS 0x0000000085b00000, 0x0000000085b00000|
|  58|0x0000000085c00000, 0x0000000085c00000, 0x0000000085d00000|  0%| F|  |TS  0|AC  0|TAMS 0x0000000085c00000, 0x0000000085c00000|
|  59|0x0000000085d00000, 0x0000000085d00000, 0x0000000085e00000|  0%| F|  |TS  0|AC  0|TAMS 0x0000000085d00000, 0x0000000085d00000|
|  60|0x0000000085e00000, 0x0000000085e00000, 0x0000000085f00000|  0%| F|  |TS  0|AC  0|TAMS 0x0000000085e00000, 0x0000000085e00000|
|  61|0x0000000085f00000, 0x0000000085f00000, 0x0000000086000000|  0%| F|  |TS  0|AC  0|TAMS 0x0000000085f00000, 0x0000000085f00000|
|  62|0x0000000086000000, 0x0000000086000000, 0x0000000086100000|  0%| F|  |TS  0|AC  0|TAMS 0x0000000086000000, 0x0000000086000000|
|  63|0x0000000086100000, 0x0000000086100000, 0x0000000086200000|  0%| F|  |TS  0|AC  0|TAMS 0x0000000086100000, 0x0000000086100000|
|  64|0x0000000086200000, 0x0000000086200000, 0x0000000086300000|  0%| F|  |TS  0|AC  0|TAMS 0x0000000086200000, 0x0000000086200000|
|  65|0x0000000086300000, 0x0000000086300000, 0x0000000086400000|  0%| F|  |TS  0|AC  0|TAMS 0x0000000086300000, 0x0000000086300000|
|  66|0x0000000086400000, 0x0000000086400000, 0x0000000086500000|  0%| F|  |TS  0|AC  0|TAMS 0x0000000086400000, 0x0000000086400000|
|  67|0x0000000086500000, 0x0000000086500000, 0x0000000086600000|  0%| F|  |TS  0|AC  0|TAMS 0x0000000086500000, 0x0000000086500000|
|  68|0x0000000086600000, 0x0000000086600000, 0x0000000086700000|  0%| F|  |TS  0|AC  0|TAMS 0x0000000086600000, 0x0000000086600000|
|  69|0x0000000086700000, 0x0000000086700000, 0x0000000086800000|  0%| F|  |TS  0|AC  0|TAMS 0x0000000086700000, 0x0000000086700000|
|  70|0x0000000086800000, 0x0000000086800000, 0x0000000086900000|  0%| F|  |TS  0|AC  0|TAMS 0x0000000086800000, 0x0000000086800000|
|  71|0x0000000086900000, 0x0000000086900000, 0x0000000086a00000|  0%| F|  |TS  0|AC  0|TAMS 0x0000000086900000, 0x0000000086900000|
|  72|0x0000000086a00000, 0x0000000086a00000, 0x0000000086b00000|  0%| F|  |TS  0|AC  0|TAMS 0x0000000086a00000, 0x0000000086a00000|
|  73|0x0000000086b00000, 0x0000000086b00000, 0x0000000086c00000|  0%| F|  |TS  0|AC  0|TAMS 0x0000000086b00000, 0x0000000086b00000|
|  74|0x0000000086c00000, 0x0000000086c00000, 0x0000000086d00000|  0%| F|  |TS  0|AC  0|TAMS 0x0000000086c00000, 0x0000000086c00000|
|  75|0x0000000086d00000, 0x0000000086d00000, 0x0000000086e00000|  0%| F|  |TS  0|AC  0|TAMS 0x0000000086d00000, 0x0000000086d00000|
|  76|0x0000000086e00000, 0x0000000086e00000, 0x0000000086f00000|  0%| F|  |TS  0|AC  0|TAMS 0x0000000086e00000, 0x0000000086e00000|
|  77|0x0000000086f00000, 0x0000000086f00000, 0x0000000087000000|  0%| F|  |TS  0|AC  0|TAMS 0x0000000086f00000, 0x0000000086f00000|
|  78|0x0000000087000000, 0x0000000087000000, 0x0000000087100000|  0%| F|  |TS  0|AC  0|TAMS 0x0000000087000000, 0x0000000087000000|
|  79|0x0000000087100000, 0x0000000087100000, 0x0000000087200000|  0%| F|  |TS  0|AC  0|TAMS 0x0000000087100000, 0x0000000087100000|
|  80|0x0000000087200000, 0x0000000087200000, 0x0000000087300000|  0%| F|  |TS  0|AC  0|TAMS 0x0000000087200000, 0x0000000087200000|
|  81|0x0000000087300000, 0x0000000087300000, 0x0000000087400000|  0%| F|  |TS  0|AC  0|TAMS 0x0000000087300000, 0x0000000087300000|
|  82|0x0000000087400000, 0x0000000087400000, 0x0000000087500000|  0%| F|  |TS  0|AC  0|TAMS 0x0000000087400000, 0x0000000087400000|
|  83|0x0000000087500000, 0x0000000087500000, 0x0000000087600000|  0%| F|  |TS  0|AC  0|TAMS 0x0000000087500000, 0x0000000087500000|
|  84|0x0000000087600000, 0x0000000087600000, 0x0000000087700000|  0%| F|  |TS  0|AC  0|TAMS 0x0000000087600000, 0x0000000087600000|
|  85|0x0000000087700000, 0x0000000087700000, 0x0000000087800000|  0%| F|  |TS  0|AC  0|TAMS 0x0000000087700000, 0x0000000087700000|
|  86|0x0000000087800000, 0x0000000087800000, 0x0000000087900000|  0%| F|  |TS  0|AC  0|TAMS 0x0000000087800000, 0x0000000087800000|
|  87|0x0000000087900000, 0x0000000087900000, 0x0000000087a00000|  0%| F|  |TS  0|AC  0|TAMS 0x0000000087900000, 0x0000000087900000|
|  88|0x0000000087a00000, 0x0000000087a00000, 0x0000000087b00000|  0%| F|  |TS  0|AC  0|TAMS 0x0000000087a00000, 0x0000000087a00000|
|  89|0x0000000087b00000, 0x0000000087b00000, 0x0000000087c00000|  0%| F|  |TS  0|AC  0|TAMS 0x0000000087b00000, 0x0000000087b00000|
|  90|0x0000000087c00000, 0x0000000087c00000, 0x0000000087d00000|  0%| F|  |TS  0|AC  0|TAMS 0x0000000087c00000, 0x0000000087c00000|
|  91|0x0000000087d00000, 0x0000000087d00000, 0x0000000087e00000|  0%| F|  |TS  0|AC  0|TAMS 0x0000000087d00000, 0x0000000087d00000|
|  92|0x0000000087e00000, 0x0000000087e00000, 0x0000000087f00000|  0%| F|  |TS  0|AC  0|TAMS 0x0000000087e00000, 0x0000000087e00000|
|  93|0x0000000087f00000, 0x0000000087f00000, 0x0000000088000000|  0%| F|  |TS  0|AC  0|TAMS 0x0000000087f00000, 0x0000000087f00000|
|  94|0x0000000088000000, 0x0000000088000000, 0x0000000088100000|  0%| F|  |TS  0|AC  0|TAMS 0x0000000088000000, 0x0000000088000000|
|  95|0x0000000088100000, 0x0000000088100000, 0x0000000088200000|  0%| F|  |TS  0|AC  0|TAMS 0x0000000088100000, 0x0000000088100000|
|  96|0x0000000088200000, 0x0000000088200000, 0x0000000088300000|  0%| F|  |TS  0|AC  0|TAMS 0x0000000088200000, 0x0000000088200000|
|  97|0x0000000088300000, 0x0000000088300000, 0x0000000088400000|  0%| F|  |TS  0|AC  0|TAMS 0x0000000088300000, 0x0000000088300000|
|  98|0x0000000088400000, 0x0000000088400000, 0x0000000088500000|  0%| F|  |TS  0|AC  0|TAMS 0x0000000088400000, 0x0000000088400000|
|  99|0x0000000088500000, 0x0000000088500000, 0x0000000088600000|  0%| F|  |TS  0|AC  0|TAMS 0x0000000088500000, 0x0000000088500000|
| 100|0x0000000088600000, 0x0000000088600000, 0x0000000088700000|  0%| F|  |TS  0|AC  0|TAMS 0x0000000088600000, 0x0000000088600000|
| 101|0x0000000088700000, 0x0000000088700000, 0x0000000088800000|  0%| F|  |TS  0|AC  0|TAMS 0x0000000088700000, 0x0000000088700000|
| 102|0x0000000088800000, 0x0000000088800000, 0x0000000088900000|  0%| F|  |TS  0|AC  0|TAMS 0x0000000088800000, 0x0000000088800000|
| 103|0x0000000088900000, 0x0000000088900000, 0x0000000088a00000|  0%| F|  |TS  0|AC  0|TAMS 0x0000000088900000, 0x0000000088900000|
| 104|0x0000000088a00000, 0x0000000088a00000, 0x0000000088b00000|  0%| F|  |TS  0|AC  0|TAMS 0x0000000088a00000, 0x0000000088a00000|
| 105|0x0000000088b00000, 0x0000000088b00000, 0x0000000088c00000|  0%| F|  |TS  0|AC  0|TAMS 0x0000000088b00000, 0x0000000088b00000|
| 106|0x0000000088c00000, 0x0000000088c00000, 0x0000000088d00000|  0%| F|  |TS  0|AC  0|TAMS 0x0000000088c00000, 0x0000000088c00000|
| 107|0x0000000088d00000, 0x0000000088d00000, 0x0000000088e00000|  0%| F|  |TS  0|AC  0|TAMS 0x0000000088d00000, 0x0000000088d00000|
| 108|0x0000000088e00000, 0x0000000088e00000, 0x0000000088f00000|  0%| F|  |TS  0|AC  0|TAMS 0x0000000088e00000, 0x0000000088e00000|
| 109|0x0000000088f00000, 0x0000000088f00000, 0x0000000089000000|  0%| F|  |TS  0|AC  0|TAMS 0x0000000088f00000, 0x0000000088f00000|
| 110|0x0000000089000000, 0x0000000089000000, 0x0000000089100000|  0%| F|  |TS  0|AC  0|TAMS 0x0000000089000000, 0x0000000089000000|
| 111|0x0000000089100000, 0x0000000089100000, 0x0000000089200000|  0%| F|  |TS  0|AC  0|TAMS 0x0000000089100000, 0x0000000089100000|
| 112|0x0000000089200000, 0x0000000089200000, 0x0000000089300000|  0%| F|  |TS  0|AC  0|TAMS 0x0000000089200000, 0x0000000089200000|
| 113|0x0000000089300000, 0x0000000089300000, 0x0000000089400000|  0%| F|  |TS  0|AC  0|TAMS 0x0000000089300000, 0x0000000089300000|
| 114|0x0000000089400000, 0x0000000089400000, 0x0000000089500000|  0%| F|  |TS  0|AC  0|TAMS 0x0000000089400000, 0x0000000089400000|
| 115|0x0000000089500000, 0x0000000089500000, 0x0000000089600000|  0%| F|  |TS  0|AC  0|TAMS 0x0000000089500000, 0x0000000089500000|
| 116|0x0000000089600000, 0x0000000089600000, 0x0000000089700000|  0%| F|  |TS  0|AC  0|TAMS 0x0000000089600000, 0x0000000089600000|
| 117|0x0000000089700000, 0x0000000089700000, 0x0000000089800000|  0%| F|  |TS  0|AC  0|TAMS 0x0000000089700000, 0x0000000089700000|
| 118|0x0000000089800000, 0x0000000089800000, 0x0000000089900000|  0%| F|  |TS  0|AC  0|TAMS 0x0000000089800000, 0x0000000089800000|
| 119|0x0000000089900000, 0x0000000089990610, 0x0000000089a00000| 56%| E|  |TS  0|AC  0|TAMS 0x0000000089900000, 0x0000000089900000|
| 120|0x0000000089a00000, 0x0000000089b00000, 0x0000000089b00000|100%| E|CS|TS  0|AC  0|TAMS 0x0000000089a00000, 0x0000000089a00000|
| 121|0x0000000089b00000, 0x0000000089c00000, 0x0000000089c00000|100%| E|CS|TS  0|AC  0|TAMS 0x0000000089b00000, 0x0000000089b00000|
| 122|0x0000000089c00000, 0x0000000089d00000, 0x0000000089d00000|100%| E|CS|TS  0|AC  0|TAMS 0x0000000089c00000, 0x0000000089c00000|
| 123|0x0000000089d00000, 0x0000000089e00000, 0x0000000089e00000|100%| E|CS|TS  0|AC  0|TAMS 0x0000000089d00000, 0x0000000089d00000|
| 124|0x0000000089e00000, 0x0000000089f00000, 0x0000000089f00000|100%| E|CS|TS  0|AC  0|TAMS 0x0000000089e00000, 0x0000000089e00000|
| 125|0x0000000089f00000, 0x000000008a000000, 0x000000008a000000|100%| E|CS|TS  0|AC  0|TAMS 0x0000000089f00000, 0x0000000089f00000|

Card table byte_map: [0x000001af72c70000,0x000001af73060000] byte_map_base: 0x000001af7285f000

Marking Bits (Prev, Next): (CMBitMap*) 0x000001af65ee5570, (CMBitMap*) 0x000001af65ee55a8
 Prev Bits: [0x000001af73450000, 0x000001af753c8000)
 Next Bits: [0x000001af753d0000, 0x000001af77348000)

Polling page: 0x000001af65df0000

CodeHeap 'non-profiled nmethods': size=120064Kb used=134Kb max_used=134Kb free=119930Kb
 bounds [0x000001af07ac0000, 0x000001af07d30000, 0x000001af0f000000]
CodeHeap 'profiled nmethods': size=120000Kb used=768Kb max_used=768Kb free=119231Kb
 bounds [0x000001af00590000, 0x000001af00800000, 0x000001af07ac0000]
CodeHeap 'non-nmethods': size=5696Kb used=1205Kb max_used=1217Kb free=4490Kb
 bounds [0x000001af00000000, 0x000001af00270000, 0x000001af00590000]
 total_blobs=913 nmethods=482 adapters=266
 compilation: enabled

Compilation events (10 events):
Event: 4.973 Thread 0x000001af7a270000 nmethod 477 0x000001af0064dd10 code [0x000001af0064dec0, 0x000001af0064e078]
Event: 4.973 Thread 0x000001af7a270000  478       3       java.lang.invoke.LambdaFormBuffer::changeName (149 bytes)
Event: 4.973 Thread 0x000001af7a270000 nmethod 478 0x000001af0064e110 code [0x000001af0064e300, 0x000001af0064e970]
Event: 4.973 Thread 0x000001af7a270000  480       3       jdk.internal.org.objectweb.asm.Item::<init> (5 bytes)
Event: 4.974 Thread 0x000001af7a270000 nmethod 480 0x000001af0064eb10 code [0x000001af0064ecc0, 0x000001af0064ee78]
Event: 4.974 Thread 0x000001af7a270000  481       3       java.lang.invoke.LambdaForm::useCount (90 bytes)
Event: 4.974 Thread 0x000001af7a270000 nmethod 481 0x000001af0064ef10 code [0x000001af0064f100, 0x000001af0064f600]
Event: 4.974 Thread 0x000001af7a270000  482       3       jdk.internal.org.objectweb.asm.Frame::set (65 bytes)
Event: 4.974 Thread 0x000001af7a270000 nmethod 482 0x000001af0064f810 code [0x000001af0064fa00, 0x000001af0064ff70]
Event: 4.984 Thread 0x000001af7a268000 nmethod 473 0x000001af07ae0f10 code [0x000001af07ae10c0, 0x000001af07ae15f8]

GC Heap History (0 events):
No events

Deoptimization events (1 events):
Event: 0.310 Thread 0x000001af65e4b000 Uncommon trap: reason=unstable_if action=reinterpret pc=0x000001af07acba7c method=java.lang.String.charAt(I)C @ 4 c2

Classes redefined (4 events):
Event: 114.921 Thread 0x000001af7a1f3000 redefined class name=ntree, count=1
Event: 114.922 Thread 0x000001af7a1f3000 redefined class name=TestNaryTree, count=1
Event: 425.569 Thread 0x000001af7a1f3000 redefined class name=ntree, count=2
Event: 425.570 Thread 0x000001af7a1f3000 redefined class name=TestNaryTree, count=2

Internal exceptions (2 events):
Event: 0.360 Thread 0x000001af65e4b000 Exception <a 'java/lang/NoSuchMethodError'{0x0000000089b09b08}: java.lang.Object.lambda$negate$3(I)Z> (0x0000000089b09b08) thrown at [t:/workspace/hotspot/src/share/vm/interpreter/linkResolver.cpp, line 731]
Event: 0.361 Thread 0x000001af65e4b000 Exception <a 'java/lang/NoSuchMethodError'{0x0000000089b0cf58}: java.lang.Object.lambda$and$0(Ljava/util/regex/Pattern$CharPredicate;I)Z> (0x0000000089b0cf58) thrown at [t:/workspace/hotspot/src/share/vm/interpreter/linkResolver.cpp, line 731]

Events (10 events):
Event: 425.587 Executing VM operation: ChangeBreakpoints done
Event: 425.588 Executing VM operation: ChangeBreakpoints
Event: 425.588 Executing VM operation: ChangeBreakpoints done
Event: 425.589 Executing VM operation: GetFrameCount
Event: 425.589 Executing VM operation: GetFrameCount done
Event: 425.589 Executing VM operation: GetFrameLocation
Event: 425.589 Executing VM operation: GetFrameLocation done
Event: 425.589 Executing VM operation: GetFrameLocation
Event: 425.589 Executing VM operation: GetFrameLocation done
Event: 425.589 Executing VM operation: GetOrSetLocal


Dynamic libraries:
0x00007ff74c510000 - 0x00007ff74c54e000 	C:\Program Files\Java\jdk-9.0.4\bin\java.exe
0x00007ff958980000 - 0x00007ff958b61000 	C:\WINDOWS\SYSTEM32\ntdll.dll
0x00007ff9566b0000 - 0x00007ff956761000 	C:\WINDOWS\System32\KERNEL32.DLL
0x00007ff954dd0000 - 0x00007ff955043000 	C:\WINDOWS\System32\KERNELBASE.dll
0x00007ff958860000 - 0x00007ff958901000 	C:\WINDOWS\System32\ADVAPI32.dll
0x00007ff956590000 - 0x00007ff95662e000 	C:\WINDOWS\System32\msvcrt.dll
0x00007ff956b70000 - 0x00007ff956bcb000 	C:\WINDOWS\System32\sechost.dll
0x00007ff955e10000 - 0x00007ff955f34000 	C:\WINDOWS\System32\RPCRT4.dll
0x00007ff956160000 - 0x00007ff9562f0000 	C:\WINDOWS\System32\USER32.dll
0x00007ff954d50000 - 0x00007ff954d70000 	C:\WINDOWS\System32\win32u.dll
0x00007ff956560000 - 0x00007ff956588000 	C:\WINDOWS\System32\GDI32.dll
0x00007ff955410000 - 0x00007ff9555a2000 	C:\WINDOWS\System32\gdi32full.dll
0x00007ff9555b0000 - 0x00007ff95564f000 	C:\WINDOWS\System32\msvcp_win.dll
0x00007ff9550d0000 - 0x00007ff9551c8000 	C:\WINDOWS\System32\ucrtbase.dll
0x00007ff9498e0000 - 0x00007ff9498ea000 	C:\WINDOWS\SYSTEM32\VERSION.dll
0x00007ff9437f0000 - 0x00007ff943a59000 	C:\WINDOWS\WinSxS\amd64_microsoft.windows.common-controls_6595b64144ccf1df_6.0.17134.765_none_fb42a1a930655896\COMCTL32.dll
0x00007ff956ca0000 - 0x00007ff956fc2000 	C:\WINDOWS\System32\combase.dll
0x00007ff955050000 - 0x00007ff9550ca000 	C:\WINDOWS\System32\bcryptPrimitives.dll
0x00007ff958920000 - 0x00007ff95894d000 	C:\WINDOWS\System32\IMM32.DLL
0x00007ff917ea0000 - 0x00007ff917f8f000 	C:\Program Files\Java\jdk-9.0.4\bin\msvcr120.dll
0x00007ff915b60000 - 0x00007ff915c06000 	C:\Program Files\Java\jdk-9.0.4\bin\msvcp120.dll
0x000000006d8e0000 - 0x000000006e305000 	C:\Program Files\Java\jdk-9.0.4\bin\server\jvm.dll
0x00007ff956800000 - 0x00007ff956808000 	C:\WINDOWS\System32\PSAPI.DLL
0x00007ff942460000 - 0x00007ff942469000 	C:\WINDOWS\SYSTEM32\WSOCK32.dll
0x00007ff9521c0000 - 0x00007ff9521e3000 	C:\WINDOWS\SYSTEM32\WINMM.dll
0x00007ff956810000 - 0x00007ff95687c000 	C:\WINDOWS\System32\WS2_32.dll
0x00007ff951bc0000 - 0x00007ff951bea000 	C:\WINDOWS\SYSTEM32\winmmbase.dll
0x00007ff9553c0000 - 0x00007ff955409000 	C:\WINDOWS\System32\cfgmgr32.dll
0x00007ff93d710000 - 0x00007ff93d71f000 	C:\Program Files\Java\jdk-9.0.4\bin\verify.dll
0x00007ff92cb70000 - 0x00007ff92cb97000 	C:\Program Files\Java\jdk-9.0.4\bin\java.dll
0x00007ff950e90000 - 0x00007ff950ec6000 	C:\Program Files\Java\jdk-9.0.4\bin\jdwp.dll
0x00007ff94e470000 - 0x00007ff94e49a000 	C:\Program Files\Java\jdk-9.0.4\bin\instrument.dll
0x00007ff92cb50000 - 0x00007ff92cb66000 	C:\Program Files\Java\jdk-9.0.4\bin\zip.dll
0x00007ff93d700000 - 0x00007ff93d70a000 	C:\Program Files\Java\jdk-9.0.4\bin\jimage.dll
0x00007ff956fd0000 - 0x00007ff958410000 	C:\WINDOWS\System32\SHELL32.dll
0x00007ff9562f0000 - 0x00007ff956399000 	C:\WINDOWS\System32\shcore.dll
0x00007ff955700000 - 0x00007ff955e0d000 	C:\WINDOWS\System32\windows.storage.dll
0x00007ff956880000 - 0x00007ff9568d1000 	C:\WINDOWS\System32\shlwapi.dll
0x00007ff954c90000 - 0x00007ff954ca1000 	C:\WINDOWS\System32\kernel.appcore.dll
0x00007ff954d30000 - 0x00007ff954d4f000 	C:\WINDOWS\System32\profapi.dll
0x00007ff954cb0000 - 0x00007ff954cfc000 	C:\WINDOWS\System32\powrprof.dll
0x00007ff954d20000 - 0x00007ff954d2a000 	C:\WINDOWS\System32\FLTLIB.DLL
0x00007ff917e80000 - 0x00007ff917e9a000 	C:\Program Files\Java\jdk-9.0.4\bin\net.dll
0x00007ff944740000 - 0x00007ff94481d000 	C:\WINDOWS\SYSTEM32\WINHTTP.dll
0x00007ff954510000 - 0x00007ff954576000 	C:\WINDOWS\system32\mswsock.dll
0x00007ff917e60000 - 0x00007ff917e71000 	C:\Program Files\Java\jdk-9.0.4\bin\nio.dll
0x00007ff950da0000 - 0x00007ff950daa000 	C:\Program Files\Java\jdk-9.0.4\bin\dt_socket.dll
0x00007ff9466f0000 - 0x00007ff946707000 	C:\WINDOWS\system32\PGPlsp.dll
0x00007ff9536e0000 - 0x00007ff9538a9000 	C:\WINDOWS\SYSTEM32\dbghelp.dll

VM Arguments:
jvm_args: -agentlib:jdwp=transport=dt_socket,address=127.0.0.1:51466,suspend=y,server=n -javaagent:C:\Users\Kush\.IntelliJIdea2018.2\system\captureAgent\debugger-agent.jar=file:/C:/Users/Kush/AppData/Local/Temp/capture.props -Dfile.encoding=UTF-8 
java_command: TestNaryTree
java_class_path (initial): C:\Users\Kush\Documents\ADBMS\k way\out\production\k way;C:\Program Files\JetBrains\IntelliJ IDEA 2018.2.4\lib\idea_rt.jar
Launcher Type: SUN_STANDARD

Logging:
Log output configuration:
#0: stdout all=warning uptime,level,tags
#1: stderr all=off uptime,level,tags

Environment Variables:
JAVA_HOME=C:\Program Files\Java\jdk-9.0.4\
PATH=C:\ProgramData\Oracle\Java\javapath;C:\Program Files (x86)\Intel\iCLS Client\;C:\Program Files\Intel\iCLS Client\;C:\Windows\system32;C:\Windows;C:\Windows\System32\Wbem;C:\Windows\System32\WindowsPowerShell\v1.0\;C:\Program Files (x86)\Intel\Intel(R) Management Engine Components\DAL;C:\Program Files\Intel\Intel(R) Management Engine Components\DAL;C:\Program Files (x86)\Intel\Intel(R) Management Engine Components\IPT;C:\Program Files\Intel\Intel(R) Management Engine Components\IPT;C:\Program Files (x86)\NVIDIA Corporation\PhysX\Common;C:\Program Files\PuTTY\;C:\WINDOWS\system32;C:\WINDOWS;C:\WINDOWS\System32\Wbem;C:\WINDOWS\System32\WindowsPowerShell\v1.0\;C:\Program Files (x86)\OpenVPN\bin;C:\ant\apache-ant-1.10.2\bin;C:\Program Files\Java\jdk-9.0.4\\bin;;C:\WINDOWS\System32\OpenSSH\;C:\Program Files\Intel\WiFi\bin\;C:\Program Files\Common Files\Intel\WirelessCommon\;C:\Windows\System32;C:\adb;C:\Windows\System32
USERNAME=Kush
OS=Windows_NT
PROCESSOR_IDENTIFIER=Intel64 Family 6 Model 158 Stepping 9, GenuineIntel



---------------  S Y S T E M  ---------------

OS: Windows 10 , 64 bit Build 17134 (10.0.17134.753)

CPU:total 4 (initial active 4) (4 cores per cpu, 1 threads per core) family 6 model 158 stepping 9, cmov, cx8, fxsr, mmx, sse, sse2, sse3, ssse3, sse4.1, sse4.2, popcnt, avx, avx2, aes, clmul, erms, 3dnowpref, lzcnt, tsc, tscinvbit, bmi1, bmi2, adx, fma

Memory: 4k page, physical 8247356k(2847448k free), swap 16373820k(4843320k free)

vm_info: Java HotSpot(TM) 64-Bit Server VM (9.0.4+11) for windows-amd64 JRE (9.0.4+11), built on Dec 20 2017 02:18:54 by "mach5one" with MS VC++ 12.0 (VS2013)

END.
